        -:    0:Source:main.c
        -:    0:Graph:main.gcno
        -:    0:Data:main.gcda
        -:    0:Runs:1
        -:    1:#include <stdio.h>
        -:    2:#include <math.h>
        -:    3:
        -:    4:#define OKAY 0;
        -:    5:
        -:    6:
        1:    7:int main(void)
        -:    8:{
        -:    9:    float a, b, h, edge, perimeter;
        1:   10:    printf("Enter lengths of bases and height: ");
        1:   11:    scanf("%f%f%f", &a, &b, &h);
        -:   12:
        1:   13:    edge = sqrt(h * h + (b - a) * (b - a) / 4.0);
        1:   14:    perimeter = a + b + edge * 2;
        -:   15:
        1:   16:    printf("Perimeter: %.5f\n", perimeter);
        1:   17:    return OKAY;
        -:   18:}
