        -:    0:Source:main.c
        -:    0:Graph:main.gcno
        -:    0:Data:main.gcda
        -:    0:Runs:11
        -:    1:#include <stdio.h>
        -:    2:#include <math.h>
        -:    3:
        -:    4:#define INPUT_VAR_NUM 6
        -:    5:#define REAL_TOL 1e-7
        -:    6:
        -:    7:#define BELOW_LINE 2
        -:    8:#define ON_LINE 1
        -:    9:#define OVER_LINE 0
        -:   10:#define LINE_POINTS_COINCIDENCE -2
        -:   11:#define VERTICAL_LINE -3
        -:   12:
        -:   13:#define OKAY 0
        -:   14:#define INPUT_ERROR 1
        -:   15:#define LINE_POINTS_COINCIDENCE_ERROR 2
        -:   16:#define VERTICAL_LINE_ERROR 3
        -:   17:
        -:   18:
       10:   19:int point_pos_determination(float x1, float y1, float x2,
        -:   20:float y2, float x_p, float y_p)
        -:   21:{
       10:   22:    if (fabs(x2 - x1) < REAL_TOL && fabs(y2 - y1) < REAL_TOL)
        1:   23:        return LINE_POINTS_COINCIDENCE;
        -:   24:
        9:   25:    if (fabs(x2 - x1) < REAL_TOL && fabs(x2 - x_p) < REAL_TOL)
        1:   26:        return ON_LINE;
        -:   27:
        8:   28:    if (fabs(x2 - x1) < REAL_TOL)
        2:   29:        return VERTICAL_LINE;
        -:   30:
        6:   31:    float y_p_straight = (x_p - x2) * (y1 - y2) / (x1 - x2) + y2;
        -:   32:
        6:   33:    if (fabs(y_p_straight - y_p) < REAL_TOL)
        2:   34:        return ON_LINE;
        4:   35:    else if (y_p > y_p_straight)
        2:   36:        return OVER_LINE;
        -:   37:    else
        2:   38:        return BELOW_LINE;
        -:   39:}
        -:   40:
        -:   41:
       11:   42:int main(void)
        -:   43:{
        -:   44:    float x1, y1, x2, y2, x_p, y_p;
        -:   45:    int rc;
        -:   46:    int p_pos;
        -:   47:
       11:   48:    printf("Enter the coordinates of the points of the line and the plane: ");
       11:   49:    rc = scanf("%f%f%f%f%f%f", &x1, &y1, &x2, &y2, &x_p, &y_p);
        -:   50:
       11:   51:    if (INPUT_VAR_NUM == rc)
        -:   52:    {
       10:   53:        p_pos = point_pos_determination(x1, y1, x2, y2, x_p, y_p);
        -:   54:
       10:   55:        if (LINE_POINTS_COINCIDENCE == p_pos)
        -:   56:        {
        1:   57:            printf("Coincidence of line points\n");
        1:   58:            return LINE_POINTS_COINCIDENCE_ERROR;
        -:   59:        }
        -:   60:
        9:   61:        if (VERTICAL_LINE == p_pos)
        -:   62:        {
        2:   63:            printf("Line is vertical and point is not on it\n");
        2:   64:            return VERTICAL_LINE_ERROR;
        -:   65:        }
        -:   66:
        7:   67:        if (OVER_LINE == p_pos)
        2:   68:            printf("OVER_LINE %d\n", p_pos);
        5:   69:        else if (ON_LINE == p_pos)
        3:   70:            printf("ON_LINE %d\n", p_pos);
        -:   71:        else
        2:   72:            printf("BELOW_LINE %d\n", p_pos);
        7:   73:        return OKAY;
        -:   74:    }
        -:   75:    else
        -:   76:    {
        1:   77:        printf("Input error\n");
        1:   78:        return INPUT_ERROR;
        -:   79:    }
        -:   80:}
